<?xml version="1.0" encoding="UTF-8"?>
<testng-results ignored="0" total="1" passed="1" failed="0" skipped="0">
  <reporter-output>
  </reporter-output>
  <suite started-at="2022-07-21T08:25:10 NPT" name="Default suite" finished-at="2022-07-21T08:25:18 NPT" duration-ms="7946">
    <groups>
    </groups>
    <test started-at="2022-07-21T08:25:10 NPT" name="Default test" finished-at="2022-07-21T08:25:18 NPT" duration-ms="7946">
      <class name="tests.LoginTest">
        <test-method signature="login()[pri:0, instance:tests.LoginTest@31fa1761]" started-at="2022-07-21T08:25:10 NPT" name="login" finished-at="2022-07-21T08:25:18 NPT" duration-ms="7857" status="PASS">
          <reporter-output>
          </reporter-output>
        </test-method> <!-- login -->
      </class> <!-- tests.LoginTest -->
    </test> <!-- Default test -->
  </suite> <!-- Default suite -->
</testng-results>
